# JRE version: Java(TM) SE Runtime Environment (8.0_311-b11) (build 1.8.0_311-b11)
# Java VM: Java HotSpot(TM) 64-Bit Server VM (25.311-b11 mixed mode windows-amd64 compressed oops)
Heap:
 PSYoungGen      total 116224K, used 91816K [0x00000000d5e00000, 0x00000000def00000, 0x0000000100000000)
  eden space 109056K, 84% used [0x00000000d5e00000,0x00000000db7aa298,0x00000000dc880000)
  from space 7168K, 0% used [0x00000000de800000,0x00000000de800000,0x00000000def00000)
  to   space 8192K, 0% used [0x00000000ddf00000,0x00000000ddf00000,0x00000000de700000)
 ParOldGen       total 71680K, used 11728K [0x0000000081a00000, 0x0000000086000000, 0x00000000d5e00000)
  object space 71680K, 16% used [0x0000000081a00000,0x0000000082574038,0x0000000086000000)
 Metaspace       used 44243K, capacity 46468K, committed 46848K, reserved 1089536K
  class space    used 5894K, capacity 6274K, committed 6400K, reserved 1048576K
GC Heap History (10 events):
Event: 3.596 GC heap before
{Heap before GC invocations=6 (full 1):
 PSYoungGen      total 71680K, used 5088K [0x00000000d5e00000, 0x00000000df000000, 0x0000000100000000)
  eden space 66560K, 0% used [0x00000000d5e00000,0x00000000d5e00000,0x00000000d9f00000)
  from space 5120K, 99% used [0x00000000d9f00000,0x00000000da3f8330,0x00000000da400000)
  to   space 8192K, 0% used [0x00000000de800000,0x00000000de800000,0x00000000df000000)
 ParOldGen       total 87552K, used 5201K [0x0000000081a00000, 0x0000000086f80000, 0x00000000d5e00000)
  object space 87552K, 5% used [0x0000000081a00000,0x0000000081f14410,0x0000000086f80000)
 Metaspace       used 20304K, capacity 21132K, committed 21248K, reserved 1067008K
  class space    used 2523K, capacity 2716K, committed 2816K, reserved 1048576K
Event: 3.647 GC heap after
Heap after GC invocations=6 (full 1):
 PSYoungGen      total 71680K, used 0K [0x00000000d5e00000, 0x00000000df000000, 0x0000000100000000)
  eden space 66560K, 0% used [0x00000000d5e00000,0x00000000d5e00000,0x00000000d9f00000)
  from space 5120K, 0% used [0x00000000d9f00000,0x00000000d9f00000,0x00000000da400000)
  to   space 8192K, 0% used [0x00000000de800000,0x00000000de800000,0x00000000df000000)
 ParOldGen       total 52736K, used 6081K [0x0000000081a00000, 0x0000000084d80000, 0x00000000d5e00000)
  object space 52736K, 11% used [0x0000000081a00000,0x0000000081ff0708,0x0000000084d80000)
 Metaspace       used 20304K, capacity 21132K, committed 21248K, reserved 1067008K
  class space    used 2523K, capacity 2716K, committed 2816K, reserved 1048576K
}
Event: 5.574 GC heap before
{Heap before GC invocations=7 (full 1):
 PSYoungGen      total 71680K, used 66560K [0x00000000d5e00000, 0x00000000df000000, 0x0000000100000000)
  eden space 66560K, 100% used [0x00000000d5e00000,0x00000000d9f00000,0x00000000d9f00000)
  from space 5120K, 0% used [0x00000000d9f00000,0x00000000d9f00000,0x00000000da400000)
  to   space 8192K, 0% used [0x00000000de800000,0x00000000de800000,0x00000000df000000)
 ParOldGen       total 52736K, used 6081K [0x0000000081a00000, 0x0000000084d80000, 0x00000000d5e00000)
  object space 52736K, 11% used [0x0000000081a00000,0x0000000081ff0708,0x0000000084d80000)
 Metaspace       used 24501K, capacity 25718K, committed 25984K, reserved 1071104K
  class space    used 3095K, capacity 3351K, committed 3456K, reserved 1048576K
Event: 5.586 GC heap after
Heap after GC invocations=7 (full 1):
 PSYoungGen      total 116224K, used 6846K [0x00000000d5e00000, 0x00000000def00000, 0x0000000100000000)
  eden space 109056K, 0% used [0x00000000d5e00000,0x00000000d5e00000,0x00000000dc880000)
  from space 7168K, 95% used [0x00000000de800000,0x00000000deeaf818,0x00000000def00000)
  to   space 8192K, 0% used [0x00000000ddf00000,0x00000000ddf00000,0x00000000de700000)
 ParOldGen       total 52736K, used 6089K [0x0000000081a00000, 0x0000000084d80000, 0x00000000d5e00000)
  object space 52736K, 11% used [0x0000000081a00000,0x0000000081ff2708,0x0000000084d80000)
 Metaspace       used 24501K, capacity 25718K, committed 25984K, reserved 1071104K
  class space    used 3095K, capacity 3351K, committed 3456K, reserved 1048576K
}
Event: 7.697 GC heap before
{Heap before GC invocations=8 (full 1):
 PSYoungGen      total 116224K, used 115902K [0x00000000d5e00000, 0x00000000def00000, 0x0000000100000000)
  eden space 109056K, 100% used [0x00000000d5e00000,0x00000000dc880000,0x00000000dc880000)
  from space 7168K, 95% used [0x00000000de800000,0x00000000deeaf818,0x00000000def00000)
  to   space 8192K, 0% used [0x00000000ddf00000,0x00000000ddf00000,0x00000000de700000)
 ParOldGen       total 52736K, used 6089K [0x0000000081a00000, 0x0000000084d80000, 0x00000000d5e00000)
  object space 52736K, 11% used [0x0000000081a00000,0x0000000081ff2708,0x0000000084d80000)
 Metaspace       used 32994K, capacity 34976K, committed 35328K, reserved 1079296K
  class space    used 4176K, capacity 4521K, committed 4608K, reserved 1048576K
Event: 7.726 GC heap after
Heap after GC invocations=8 (full 1):
 PSYoungGen      total 117248K, used 8172K [0x00000000d5e00000, 0x00000000def00000, 0x0000000100000000)
  eden space 109056K, 0% used [0x00000000d5e00000,0x00000000d5e00000,0x00000000dc880000)
  from space 8192K, 99% used [0x00000000ddf00000,0x00000000de6fb318,0x00000000de700000)
  to   space 7168K, 0% used [0x00000000de800000,0x00000000de800000,0x00000000def00000)
 ParOldGen       total 52736K, used 9680K [0x0000000081a00000, 0x0000000084d80000, 0x00000000d5e00000)
  object space 52736K, 18% used [0x0000000081a00000,0x0000000082374208,0x0000000084d80000)
 Metaspace       used 32994K, capacity 34976K, committed 35328K, reserved 1079296K
  class space    used 4176K, capacity 4521K, committed 4608K, reserved 1048576K
}
Event: 7.782 GC heap before
{Heap before GC invocations=9 (full 1):
 PSYoungGen      total 117248K, used 12126K [0x00000000d5e00000, 0x00000000def00000, 0x0000000100000000)
  eden space 109056K, 3% used [0x00000000d5e00000,0x00000000d61dc540,0x00000000dc880000)
  from space 8192K, 99% used [0x00000000ddf00000,0x00000000de6fb318,0x00000000de700000)
  to   space 7168K, 0% used [0x00000000de800000,0x00000000de800000,0x00000000def00000)
 ParOldGen       total 52736K, used 9680K [0x0000000081a00000, 0x0000000084d80000, 0x00000000d5e00000)
  object space 52736K, 18% used [0x0000000081a00000,0x0000000082374208,0x0000000084d80000)
 Metaspace       used 33320K, capacity 35276K, committed 35416K, reserved 1081344K
  class space    used 4209K, capacity 4557K, committed 4608K, reserved 1048576K
Event: 7.790 GC heap after
Heap after GC invocations=9 (full 1):
 PSYoungGen      total 116224K, used 7157K [0x00000000d5e00000, 0x00000000def00000, 0x0000000100000000)
  eden space 109056K, 0% used [0x00000000d5e00000,0x00000000d5e00000,0x00000000dc880000)
  from space 7168K, 99% used [0x00000000de800000,0x00000000deefd400,0x00000000def00000)
  to   space 8192K, 0% used [0x00000000ddf00000,0x00000000ddf00000,0x00000000de700000)
 ParOldGen       total 52736K, used 9834K [0x0000000081a00000, 0x0000000084d80000, 0x00000000d5e00000)
  object space 52736K, 18% used [0x0000000081a00000,0x000000008239a948,0x0000000084d80000)
 Metaspace       used 33320K, capacity 35276K, committed 35416K, reserved 1081344K
  class space    used 4209K, capacity 4557K, committed 4608K, reserved 1048576K
}
Event: 7.790 GC heap before
{Heap before GC invocations=10 (full 2):
 PSYoungGen      total 116224K, used 7157K [0x00000000d5e00000, 0x00000000def00000, 0x0000000100000000)
  eden space 109056K, 0% used [0x00000000d5e00000,0x00000000d5e00000,0x00000000dc880000)
  from space 7168K, 99% used [0x00000000de800000,0x00000000deefd400,0x00000000def00000)
  to   space 8192K, 0% used [0x00000000ddf00000,0x00000000ddf00000,0x00000000de700000)
 ParOldGen       total 52736K, used 9834K [0x0000000081a00000, 0x0000000084d80000, 0x00000000d5e00000)
  object space 52736K, 18% used [0x0000000081a00000,0x000000008239a948,0x0000000084d80000)
 Metaspace       used 33320K, capacity 35276K, committed 35416K, reserved 1081344K
  class space    used 4209K, capacity 4557K, committed 4608K, reserved 1048576K
Event: 7.889 GC heap after
Heap after GC invocations=10 (full 2):
 PSYoungGen      total 116224K, used 0K [0x00000000d5e00000, 0x00000000def00000, 0x0000000100000000)
  eden space 109056K, 0% used [0x00000000d5e00000,0x00000000d5e00000,0x00000000dc880000)
  from space 7168K, 0% used [0x00000000de800000,0x00000000de800000,0x00000000def00000)
  to   space 8192K, 0% used [0x00000000ddf00000,0x00000000ddf00000,0x00000000de700000)
 ParOldGen       total 71680K, used 11728K [0x0000000081a00000, 0x0000000086000000, 0x00000000d5e00000)
  object space 71680K, 16% used [0x0000000081a00000,0x0000000082574038,0x0000000086000000)
 Metaspace       used 33320K, capacity 35276K, committed 35416K, reserved 1081344K
  class space    used 4209K, capacity 4557K, committed 4608K, reserved 1048576K
}

